<?xml version="1.0" encoding="UTF-8"?>
<testsuite name="Politics.DeletePolitics" tests="1" skipped="0" failures="0" errors="0" timestamp="2017-11-27T11:41:19" hostname="Danilkina-as" time="4.578">
  <properties/>
  <testcase name="deletePolitics" classname="Politics.DeletePolitics" time="4.578"/>
  <system-out><![CDATA[]]></system-out>
  <system-err><![CDATA[1511782879494	Marionette	DEBUG	Canceled page load listener because no navigation has been detected
1511782879778	Marionette	DEBUG	Canceled page load listener because no navigation has been detected
1511782880068	Marionette	DEBUG	Canceled page load listener because no navigation has been detected
1511782880730	Marionette	DEBUG	Received DOM event "beforeunload" for "http://vm-auth-dev.ursip.ru/auth/admin/"
1511782880739	Marionette	DEBUG	Received DOM event "pagehide" for "http://vm-auth-dev.ursip.ru/auth/admin/"
1511782880740	Marionette	DEBUG	Received DOM event "unload" for "http://vm-auth-dev.ursip.ru/auth/admin/"
1511782881052	Marionette	DEBUG	Received DOM event "DOMContentLoaded" for "http://vm-auth-dev.ursip.ru/policy-manager/"
1511782881059	Marionette	DEBUG	Received DOM event "pageshow" for "http://vm-auth-dev.ursip.ru/policy-manager/"
1511782881903	Marionette	DEBUG	Canceled page load listener because no navigation has been detected
1511782882189	Marionette	DEBUG	Canceled page load listener because no navigation has been detected
1511782882452	Marionette	DEBUG	Canceled page load listener because no navigation has been detected
1511782882767	Marionette	DEBUG	Canceled page load listener because no navigation has been detected
1511782882784	Marionette	DEBUG	Received DOM event "beforeunload" for "http://vm-auth-dev.ursip.ru/policy-manager/"
1511782882819	Marionette	DEBUG	Received DOM event "pagehide" for "http://vm-auth-dev.ursip.ru/policy-manager/"
1511782882819	Marionette	DEBUG	Received DOM event "unload" for "http://vm-auth-dev.ursip.ru/policy-manager/"
1511782883121	Marionette	DEBUG	Received DOM event "DOMContentLoaded" for "http://vm-auth-dev.ursip.ru/policy-manager/"
1511782883431	Marionette	DEBUG	Received DOM event "pageshow" for "http://vm-auth-dev.ursip.ru/policy-manager/"
]]></system-err>
</testsuite>
