<?xml version="1.0" encoding="UTF-8"?>
<testsuite name="Modules.DeleteModule" tests="1" skipped="0" failures="0" errors="0" timestamp="2017-11-27T11:42:04" hostname="Danilkina-as" time="6.725">
  <properties/>
  <testcase name="deleteModule" classname="Modules.DeleteModule" time="6.725"/>
  <system-out><![CDATA[]]></system-out>
  <system-err><![CDATA[1511782924499	Marionette	DEBUG	Canceled page load listener because no navigation has been detected
1511782924773	Marionette	DEBUG	Canceled page load listener because no navigation has been detected
1511782925061	Marionette	DEBUG	Canceled page load listener because no navigation has been detected
1511782925723	Marionette	DEBUG	Received DOM event "beforeunload" for "http://vm-auth-dev.ursip.ru/auth/admin/"
JavaScript error: http://vm-auth-dev.ursip.ru/auth/static/js/main.433d63e1.js, line 10: TypeError: o.json is not a function
JavaScript error: http://vm-auth-dev.ursip.ru/auth/static/js/main.433d63e1.js, line 10: TypeError: o.json is not a function
1511782925731	Marionette	DEBUG	Received DOM event "pagehide" for "http://vm-auth-dev.ursip.ru/auth/admin/"
1511782925731	Marionette	DEBUG	Received DOM event "unload" for "http://vm-auth-dev.ursip.ru/auth/admin/"
1511782926142	Marionette	DEBUG	Received DOM event "DOMContentLoaded" for "http://vm-auth-dev.ursip.ru/policy-manager/"
1511782926150	Marionette	DEBUG	Received DOM event "pageshow" for "http://vm-auth-dev.ursip.ru/policy-manager/"
1511782927921	Marionette	DEBUG	Canceled page load listener because no navigation has been detected
1511782928207	Marionette	DEBUG	Canceled page load listener because no navigation has been detected
1511782928437	Marionette	DEBUG	Canceled page load listener because no navigation has been detected
1511782928735	Marionette	DEBUG	Canceled page load listener because no navigation has been detected
1511782928755	Marionette	DEBUG	Received DOM event "beforeunload" for "http://vm-auth-dev.ursip.ru/policy-manager/"
1511782928791	Marionette	DEBUG	Received DOM event "pagehide" for "http://vm-auth-dev.ursip.ru/policy-manager/"
1511782928792	Marionette	DEBUG	Received DOM event "unload" for "http://vm-auth-dev.ursip.ru/policy-manager/"
1511782929130	Marionette	DEBUG	Received DOM event "DOMContentLoaded" for "http://vm-auth-dev.ursip.ru/policy-manager/"
1511782929455	Marionette	DEBUG	Received DOM event "pageshow" for "http://vm-auth-dev.ursip.ru/policy-manager/"
]]></system-err>
</testsuite>
