<?xml version="1.0" encoding="UTF-8"?>
<testsuite name="Users.EditUser" tests="2" skipped="0" failures="0" errors="0" timestamp="2017-11-27T11:40:06" hostname="Danilkina-as" time="17.54">
  <properties/>
  <testcase name="createUser" classname="Users.EditUser" time="5.682"/>
  <testcase name="editUser" classname="Users.EditUser" time="5.944"/>
  <system-out><![CDATA[
]]></system-out>
  <system-err><![CDATA[1511782806933	Marionette	DEBUG	Canceled page load listener because no navigation has been detected
1511782807211	Marionette	DEBUG	Canceled page load listener because no navigation has been detected
1511782807478	Marionette	DEBUG	Canceled page load listener because no navigation has been detected
1511782808465	Marionette	DEBUG	Canceled page load listener because no navigation has been detected
1511782809096	Marionette	DEBUG	Canceled page load listener because no navigation has been detected
1511782809433	Marionette	DEBUG	Canceled page load listener because no navigation has been detected
1511782809705	Marionette	DEBUG	Canceled page load listener because no navigation has been detected
1511782809985	Marionette	DEBUG	Canceled page load listener because no navigation has been detected
1511782810249	Marionette	DEBUG	Canceled page load listener because no navigation has been detected
1511782810544	Marionette	DEBUG	Canceled page load listener because no navigation has been detected
1511782810866	Marionette	DEBUG	Canceled page load listener because no navigation has been detected
1511782811191	Marionette	DEBUG	Canceled page load listener because no navigation has been detected
1511782811511	Marionette	DEBUG	Canceled page load listener because no navigation has been detected
1511782811517	Marionette	DEBUG	Received DOM event "beforeunload" for "http://vm-auth-dev.ursip.ru/auth/admin/"
JavaScript error: http://vm-auth-dev.ursip.ru/auth/static/js/main.433d63e1.js, line 10: TypeError: o.json is not a function
1511782811533	Marionette	DEBUG	Received DOM event "pagehide" for "http://vm-auth-dev.ursip.ru/auth/admin/"
1511782811535	Marionette	DEBUG	Received DOM event "unload" for "http://vm-auth-dev.ursip.ru/auth/admin/"
1511782811917	Marionette	DEBUG	Received DOM event "DOMContentLoaded" for "http://vm-auth-dev.ursip.ru/auth/admin/"
1511782812169	Marionette	DEBUG	Received DOM event "pageshow" for "http://vm-auth-dev.ursip.ru/auth/admin/"
1511782818524	Marionette	DEBUG	Canceled page load listener because no navigation has been detected
1511782818799	Marionette	DEBUG	Canceled page load listener because no navigation has been detected
1511782819059	Marionette	DEBUG	Canceled page load listener because no navigation has been detected
1511782820068	Marionette	DEBUG	Canceled page load listener because no navigation has been detected
1511782820333	Marionette	DEBUG	Canceled page load listener because no navigation has been detected
1511782820936	Marionette	DEBUG	Canceled page load listener because no navigation has been detected
1511782821248	Marionette	DEBUG	Canceled page load listener because no navigation has been detected
1511782821599	Marionette	DEBUG	Canceled page load listener because no navigation has been detected
1511782821914	Marionette	DEBUG	Canceled page load listener because no navigation has been detected
1511782822266	Marionette	DEBUG	Canceled page load listener because no navigation has been detected
1511782822669	Marionette	DEBUG	Canceled page load listener because no navigation has been detected
1511782823010	Marionette	DEBUG	Canceled page load listener because no navigation has been detected
1511782823350	Marionette	DEBUG	Canceled page load listener because no navigation has been detected
1511782823354	Marionette	DEBUG	Received DOM event "beforeunload" for "http://vm-auth-dev.ursip.ru/auth/admin/"
JavaScript error: http://vm-auth-dev.ursip.ru/auth/static/js/main.433d63e1.js, line 10: TypeError: o.json is not a function
1511782823369	Marionette	DEBUG	Received DOM event "pagehide" for "http://vm-auth-dev.ursip.ru/auth/admin/"
1511782823370	Marionette	DEBUG	Received DOM event "unload" for "http://vm-auth-dev.ursip.ru/auth/admin/"
1511782823744	Marionette	DEBUG	Received DOM event "DOMContentLoaded" for "http://vm-auth-dev.ursip.ru/auth/admin/"
1511782823954	Marionette	DEBUG	Received DOM event "pageshow" for "http://vm-auth-dev.ursip.ru/auth/admin/"
]]></system-err>
</testsuite>
