<?xml version="1.0" encoding="UTF-8"?>
<testsuite name="Modules.EditModule" tests="2" skipped="0" failures="0" errors="0" timestamp="2017-11-27T11:41:40" hostname="Danilkina-as" time="17.819">
  <properties/>
  <testcase name="createModule" classname="Modules.EditModule" time="6.117"/>
  <testcase name="editModule" classname="Modules.EditModule" time="6.072"/>
  <system-out><![CDATA[]]></system-out>
  <system-err><![CDATA[1511782901208	Marionette	DEBUG	Canceled page load listener because no navigation has been detected
1511782901482	Marionette	DEBUG	Canceled page load listener because no navigation has been detected
1511782901743	Marionette	DEBUG	Canceled page load listener because no navigation has been detected
1511782902983	Marionette	DEBUG	Received DOM event "beforeunload" for "http://vm-auth-dev.ursip.ru/auth/admin/"
JavaScript error: http://vm-auth-dev.ursip.ru/auth/static/js/main.433d63e1.js, line 10: TypeError: o.json is not a function
JavaScript error: http://vm-auth-dev.ursip.ru/auth/static/js/main.433d63e1.js, line 10: TypeError: o.json is not a function
1511782902994	Marionette	DEBUG	Received DOM event "pagehide" for "http://vm-auth-dev.ursip.ru/auth/admin/"
1511782902994	Marionette	DEBUG	Received DOM event "unload" for "http://vm-auth-dev.ursip.ru/auth/admin/"
1511782903310	Marionette	DEBUG	Received DOM event "DOMContentLoaded" for "http://vm-auth-dev.ursip.ru/policy-manager/"
1511782903320	Marionette	DEBUG	Received DOM event "pageshow" for "http://vm-auth-dev.ursip.ru/policy-manager/"
1511782904007	Marionette	DEBUG	Canceled page load listener because no navigation has been detected
1511782904391	Marionette	DEBUG	Canceled page load listener because no navigation has been detected
1511782904610	Marionette	DEBUG	Canceled page load listener because no navigation has been detected
1511782905055	Marionette	DEBUG	Canceled page load listener because no navigation has been detected
1511782905447	Marionette	DEBUG	Canceled page load listener because no navigation has been detected
1511782905848	Marionette	DEBUG	Canceled page load listener because no navigation has been detected
1511782905869	Marionette	DEBUG	Received DOM event "beforeunload" for "http://vm-auth-dev.ursip.ru/policy-manager/"
1511782905894	Marionette	DEBUG	Received DOM event "pagehide" for "http://vm-auth-dev.ursip.ru/policy-manager/"
1511782905894	Marionette	DEBUG	Received DOM event "unload" for "http://vm-auth-dev.ursip.ru/policy-manager/"
1511782906212	Marionette	DEBUG	Received DOM event "DOMContentLoaded" for "http://vm-auth-dev.ursip.ru/policy-manager/"
1511782906520	Marionette	DEBUG	Received DOM event "pageshow" for "http://vm-auth-dev.ursip.ru/policy-manager/"
1511782912942	Marionette	DEBUG	Canceled page load listener because no navigation has been detected
1511782913220	Marionette	DEBUG	Canceled page load listener because no navigation has been detected
1511782913480	Marionette	DEBUG	Canceled page load listener because no navigation has been detected
1511782914308	Marionette	DEBUG	Received DOM event "beforeunload" for "http://vm-auth-dev.ursip.ru/auth/admin/"
1511782914317	Marionette	DEBUG	Received DOM event "pagehide" for "http://vm-auth-dev.ursip.ru/auth/admin/"
1511782914318	Marionette	DEBUG	Received DOM event "unload" for "http://vm-auth-dev.ursip.ru/auth/admin/"
1511782914624	Marionette	DEBUG	Received DOM event "DOMContentLoaded" for "http://vm-auth-dev.ursip.ru/policy-manager/"
1511782914632	Marionette	DEBUG	Received DOM event "pageshow" for "http://vm-auth-dev.ursip.ru/policy-manager/"
1511782915270	Marionette	DEBUG	Canceled page load listener because no navigation has been detected
1511782915736	Marionette	DEBUG	Canceled page load listener because no navigation has been detected
1511782916009	Marionette	DEBUG	Canceled page load listener because no navigation has been detected
1511782916227	Marionette	DEBUG	Canceled page load listener because no navigation has been detected
1511782916673	Marionette	DEBUG	Canceled page load listener because no navigation has been detected
1511782917060	Marionette	DEBUG	Canceled page load listener because no navigation has been detected
1511782917537	Marionette	DEBUG	Canceled page load listener because no navigation has been detected
1511782917561	Marionette	DEBUG	Received DOM event "beforeunload" for "http://vm-auth-dev.ursip.ru/policy-manager/"
1511782917589	Marionette	DEBUG	Received DOM event "pagehide" for "http://vm-auth-dev.ursip.ru/policy-manager/"
1511782917590	Marionette	DEBUG	Received DOM event "unload" for "http://vm-auth-dev.ursip.ru/policy-manager/"
1511782917921	Marionette	DEBUG	Received DOM event "DOMContentLoaded" for "http://vm-auth-dev.ursip.ru/policy-manager/"
1511782918216	Marionette	DEBUG	Received DOM event "pageshow" for "http://vm-auth-dev.ursip.ru/policy-manager/"
]]></system-err>
</testsuite>
