<?xml version="1.0" encoding="UTF-8"?>
<testsuite name="Politics.CreatePolitics" tests="1" skipped="0" failures="0" errors="0" timestamp="2017-11-27T11:40:39" hostname="Danilkina-as" time="6.985">
  <properties/>
  <testcase name="createPolitics" classname="Politics.CreatePolitics" time="6.985"/>
  <system-out><![CDATA[]]></system-out>
  <system-err><![CDATA[1511782839808	Marionette	DEBUG	Canceled page load listener because no navigation has been detected
1511782840088	Marionette	DEBUG	Canceled page load listener because no navigation has been detected
1511782840355	Marionette	DEBUG	Canceled page load listener because no navigation has been detected
1511782841003	Marionette	DEBUG	Received DOM event "beforeunload" for "http://vm-auth-dev.ursip.ru/auth/admin/"
JavaScript error: http://vm-auth-dev.ursip.ru/auth/static/js/main.433d63e1.js, line 10: TypeError: o.json is not a function
JavaScript error: http://vm-auth-dev.ursip.ru/auth/static/js/main.433d63e1.js, line 10: TypeError: o.json is not a function
1511782841012	Marionette	DEBUG	Received DOM event "pagehide" for "http://vm-auth-dev.ursip.ru/auth/admin/"
1511782841012	Marionette	DEBUG	Received DOM event "unload" for "http://vm-auth-dev.ursip.ru/auth/admin/"
1511782841328	Marionette	DEBUG	Received DOM event "DOMContentLoaded" for "http://vm-auth-dev.ursip.ru/policy-manager/"
1511782841336	Marionette	DEBUG	Received DOM event "pageshow" for "http://vm-auth-dev.ursip.ru/policy-manager/"
1511782842167	Marionette	DEBUG	Canceled page load listener because no navigation has been detected
1511782842436	Marionette	DEBUG	Canceled page load listener because no navigation has been detected
1511782842884	Marionette	DEBUG	Canceled page load listener because no navigation has been detected
1511782843173	Marionette	DEBUG	Canceled page load listener because no navigation has been detected
1511782843487	Marionette	DEBUG	Canceled page load listener because no navigation has been detected
1511782844026	Marionette	DEBUG	Canceled page load listener because no navigation has been detected
1511782844437	Marionette	DEBUG	Canceled page load listener because no navigation has been detected
1511782844836	Marionette	DEBUG	Canceled page load listener because no navigation has been detected
1511782845068	Marionette	DEBUG	Canceled page load listener because no navigation has been detected
1511782845333	Marionette	DEBUG	Canceled page load listener because no navigation has been detected
1511782845583	Marionette	DEBUG	Canceled page load listener because no navigation has been detected
1511782845851	Marionette	DEBUG	Canceled page load listener because no navigation has been detected
1511782846285	Marionette	DEBUG	Canceled page load listener because no navigation has been detected
1511782846524	Marionette	DEBUG	Canceled page load listener because no navigation has been detected
]]></system-err>
</testsuite>
