<?xml version="1.0" encoding="UTF-8"?>
<testsuite name="Users.CreateUser" tests="1" skipped="0" failures="0" errors="0" timestamp="2017-11-27T11:39:54" hostname="Danilkina-as" time="6.312">
  <properties/>
  <testcase name="createUser" classname="Users.CreateUser" time="6.312"/>
  <system-out><![CDATA[
]]></system-out>
  <system-err><![CDATA[1511782794568	Marionette	DEBUG	Canceled page load listener because no navigation has been detected
1511782794880	Marionette	DEBUG	Canceled page load listener because no navigation has been detected
1511782795190	Marionette	DEBUG	Canceled page load listener because no navigation has been detected
1511782796245	Marionette	DEBUG	Canceled page load listener because no navigation has been detected
1511782796833	Marionette	DEBUG	Canceled page load listener because no navigation has been detected
1511782797230	Marionette	DEBUG	Canceled page load listener because no navigation has been detected
1511782797552	Marionette	DEBUG	Canceled page load listener because no navigation has been detected
1511782797834	Marionette	DEBUG	Canceled page load listener because no navigation has been detected
1511782798099	Marionette	DEBUG	Canceled page load listener because no navigation has been detected
1511782798400	Marionette	DEBUG	Canceled page load listener because no navigation has been detected
1511782798799	Marionette	DEBUG	Canceled page load listener because no navigation has been detected
1511782799119	Marionette	DEBUG	Canceled page load listener because no navigation has been detected
1511782799827	Marionette	DEBUG	Canceled page load listener because no navigation has been detected
1511782799834	Marionette	DEBUG	Received DOM event "beforeunload" for "http://vm-auth-dev.ursip.ru/auth/admin/"
JavaScript error: http://vm-auth-dev.ursip.ru/auth/static/js/main.433d63e1.js, line 10: TypeError: o.json is not a function
1511782799850	Marionette	DEBUG	Received DOM event "pagehide" for "http://vm-auth-dev.ursip.ru/auth/admin/"
1511782799851	Marionette	DEBUG	Received DOM event "unload" for "http://vm-auth-dev.ursip.ru/auth/admin/"
1511782800234	Marionette	DEBUG	Received DOM event "DOMContentLoaded" for "http://vm-auth-dev.ursip.ru/auth/admin/"
1511782800444	Marionette	DEBUG	Received DOM event "pageshow" for "http://vm-auth-dev.ursip.ru/auth/admin/"
]]></system-err>
</testsuite>
