<?xml version="1.0" encoding="UTF-8"?>
<testsuite name="Politics.EditPolitics" tests="2" skipped="0" failures="0" errors="0" timestamp="2017-11-27T11:40:52" hostname="Danilkina-as" time="20.996">
  <properties/>
  <testcase name="createPolitics" classname="Politics.EditPolitics" time="7.249"/>
  <testcase name="editPolitics" classname="Politics.EditPolitics" time="7.931"/>
  <system-out><![CDATA[]]></system-out>
  <system-err><![CDATA[1511782852739	Marionette	DEBUG	Canceled page load listener because no navigation has been detected
1511782853050	Marionette	DEBUG	Canceled page load listener because no navigation has been detected
1511782853350	Marionette	DEBUG	Canceled page load listener because no navigation has been detected
1511782854110	Marionette	DEBUG	Received DOM event "beforeunload" for "http://vm-auth-dev.ursip.ru/auth/admin/"
JavaScript error: http://vm-auth-dev.ursip.ru/auth/static/js/main.433d63e1.js, line 10: TypeError: o.json is not a function
JavaScript error: http://vm-auth-dev.ursip.ru/auth/static/js/main.433d63e1.js, line 10: TypeError: o.json is not a function
1511782854119	Marionette	DEBUG	Received DOM event "pagehide" for "http://vm-auth-dev.ursip.ru/auth/admin/"
1511782854120	Marionette	DEBUG	Received DOM event "unload" for "http://vm-auth-dev.ursip.ru/auth/admin/"
1511782854450	Marionette	DEBUG	Received DOM event "DOMContentLoaded" for "http://vm-auth-dev.ursip.ru/policy-manager/"
1511782854459	Marionette	DEBUG	Received DOM event "pageshow" for "http://vm-auth-dev.ursip.ru/policy-manager/"
1511782855312	Marionette	DEBUG	Canceled page load listener because no navigation has been detected
1511782855587	Marionette	DEBUG	Canceled page load listener because no navigation has been detected
1511782856018	Marionette	DEBUG	Canceled page load listener because no navigation has been detected
1511782856317	Marionette	DEBUG	Canceled page load listener because no navigation has been detected
1511782856650	Marionette	DEBUG	Canceled page load listener because no navigation has been detected
1511782857254	Marionette	DEBUG	Canceled page load listener because no navigation has been detected
1511782857630	Marionette	DEBUG	Canceled page load listener because no navigation has been detected
1511782858087	Marionette	DEBUG	Canceled page load listener because no navigation has been detected
1511782858316	Marionette	DEBUG	Canceled page load listener because no navigation has been detected
1511782858576	Marionette	DEBUG	Canceled page load listener because no navigation has been detected
1511782858805	Marionette	DEBUG	Canceled page load listener because no navigation has been detected
1511782859121	Marionette	DEBUG	Canceled page load listener because no navigation has been detected
1511782859469	Marionette	DEBUG	Canceled page load listener because no navigation has been detected
1511782859717	Marionette	DEBUG	Canceled page load listener because no navigation has been detected
1511782865806	Marionette	DEBUG	Canceled page load listener because no navigation has been detected
1511782866079	Marionette	DEBUG	Canceled page load listener because no navigation has been detected
1511782866334	Marionette	DEBUG	Canceled page load listener because no navigation has been detected
1511782867033	Marionette	DEBUG	Received DOM event "beforeunload" for "http://vm-auth-dev.ursip.ru/auth/admin/"
JavaScript error: http://vm-auth-dev.ursip.ru/auth/static/js/main.433d63e1.js, line 10: TypeError: o.json is not a function
JavaScript error: http://vm-auth-dev.ursip.ru/auth/static/js/main.433d63e1.js, line 10: TypeError: o.json is not a function
1511782867041	Marionette	DEBUG	Received DOM event "pagehide" for "http://vm-auth-dev.ursip.ru/auth/admin/"
1511782867042	Marionette	DEBUG	Received DOM event "unload" for "http://vm-auth-dev.ursip.ru/auth/admin/"
1511782867363	Marionette	DEBUG	Received DOM event "DOMContentLoaded" for "http://vm-auth-dev.ursip.ru/policy-manager/"
1511782867371	Marionette	DEBUG	Received DOM event "pageshow" for "http://vm-auth-dev.ursip.ru/policy-manager/"
1511782868424	Marionette	DEBUG	Canceled page load listener because no navigation has been detected
1511782868669	Marionette	DEBUG	Canceled page load listener because no navigation has been detected
1511782868941	Marionette	DEBUG	Canceled page load listener because no navigation has been detected
1511782869183	Marionette	DEBUG	Canceled page load listener because no navigation has been detected
1511782869617	Marionette	DEBUG	Canceled page load listener because no navigation has been detected
1511782869900	Marionette	DEBUG	Canceled page load listener because no navigation has been detected
1511782870317	Marionette	DEBUG	Canceled page load listener because no navigation has been detected
1511782870903	Marionette	DEBUG	Canceled page load listener because no navigation has been detected
1511782871453	Marionette	DEBUG	Canceled page load listener because no navigation has been detected
1511782872093	Marionette	DEBUG	Canceled page load listener because no navigation has been detected
1511782872334	Marionette	DEBUG	Canceled page load listener because no navigation has been detected
1511782872617	Marionette	DEBUG	Canceled page load listener because no navigation has been detected
1511782872860	Marionette	DEBUG	Canceled page load listener because no navigation has been detected
1511782873144	Marionette	DEBUG	Canceled page load listener because no navigation has been detected
]]></system-err>
</testsuite>
